[2025-04-15 10:16:24] [INFO] [::1] [chris] User role for redirection {"role":"directrice"}
[2025-04-15 10:16:25] [INFO] [::1] [chris] Connexion réussie {"username":"chris","ip":"::1"}
[2025-04-15 14:01:15] [INFO] [::1] [chris] User role for redirection {"role":"directrice"}
[2025-04-15 14:01:16] [INFO] [::1] [chris] Connexion réussie {"username":"chris","ip":"::1"}
[2025-04-15 15:15:01] [INFO] [::1] [ciella] User role for redirection {"role":"admin"}
[2025-04-15 15:15:01] [INFO] [::1] [ciella] Connexion réussie {"username":"ciella","ip":"::1"}
[2025-04-15 16:12:38] [INFO] [::1] [ciella] User role for redirection {"role":"admin"}
[2025-04-15 16:12:38] [INFO] [::1] [ciella] Connexion réussie {"username":"ciella","ip":"::1"}
[2025-04-15 16:21:09] [INFO] [::1] [rapha] User role for redirection {"role":"prefet"}
[2025-04-15 16:21:09] [INFO] [::1] [rapha] Connexion réussie {"username":"rapha","ip":"::1"}
[2025-04-15 16:40:18] [INFO] [::1] [chris] User role for redirection {"role":"directrice"}
[2025-04-15 16:40:18] [INFO] [::1] [chris] Connexion réussie {"username":"chris","ip":"::1"}
[2025-04-15 16:52:55] [INFO] [::1] [chris] User role for redirection {"role":"directrice"}
[2025-04-15 16:52:55] [INFO] [::1] [chris] Connexion réussie {"username":"chris","ip":"::1"}
[2025-04-15 19:58:13] [INFO] [::1] [ciella] User role for redirection {"role":"admin"}
[2025-04-15 19:58:14] [INFO] [::1] [ciella] Connexion réussie {"username":"ciella","ip":"::1"}
[2025-04-15 20:14:41] [WARNING] [::1] [Anonyme] Échec de connexion {"username":"Daniel","ip":"::1"}
[2025-04-15 20:15:03] [INFO] [::1] [Daniel] User role for redirection {"role":"comptable"}
[2025-04-15 20:15:04] [INFO] [::1] [Daniel] Connexion réussie {"username":"Daniel","ip":"::1"}
[2025-04-15 21:23:12] [INFO] [::1] [ciella] User role for redirection {"role":"admin"}
[2025-04-15 21:23:12] [INFO] [::1] [ciella] Connexion réussie {"username":"ciella","ip":"::1"}
[2025-04-15 21:27:48] [INFO] [::1] [Daniel] User role for redirection {"role":"comptable"}
[2025-04-15 21:27:48] [INFO] [::1] [Daniel] Connexion réussie {"username":"Daniel","ip":"::1"}
[2025-04-15 21:48:12] [INFO] [::1] [ciella] User role for redirection {"role":"admin"}
[2025-04-15 21:48:13] [INFO] [::1] [ciella] Connexion réussie {"username":"ciella","ip":"::1"}
[2025-04-15 21:49:12] [INFO] [::1] [chris] User role for redirection {"role":"directrice"}
[2025-04-15 21:49:13] [INFO] [::1] [chris] Connexion réussie {"username":"chris","ip":"::1"}
[2025-04-15 21:59:02] [INFO] [::1] [Daniel] User role for redirection {"role":"comptable"}
[2025-04-15 21:59:02] [INFO] [::1] [Daniel] Connexion réussie {"username":"Daniel","ip":"::1"}
[2025-04-15 23:14:44] [INFO] [::1] [ciella] User role for redirection {"role":"admin"}
[2025-04-15 23:14:44] [INFO] [::1] [ciella] Connexion réussie {"username":"ciella","ip":"::1"}
[2025-04-15 23:16:38] [INFO] [::1] [ciella] User role for redirection {"role":"admin"}
[2025-04-15 23:16:38] [INFO] [::1] [ciella] Connexion réussie {"username":"ciella","ip":"::1"}
[2025-04-15 23:19:26] [INFO] [::1] [ciella] User role for redirection {"role":"admin"}
[2025-04-15 23:19:26] [INFO] [::1] [ciella] Connexion réussie {"username":"ciella","ip":"::1"}
[2025-04-15 23:22:21] [INFO] [::1] [Daniel] User role for redirection {"role":"comptable"}
[2025-04-15 23:22:22] [INFO] [::1] [Daniel] Connexion réussie {"username":"Daniel","ip":"::1"}
[2025-04-15 23:35:01] [WARNING] [::1] [Anonyme] Échec de connexion {"username":"Daniel","ip":"::1"}
[2025-04-15 23:35:16] [INFO] [::1] [Daniel] User role for redirection {"role":"comptable"}
[2025-04-15 23:35:16] [INFO] [::1] [Daniel] Connexion réussie {"username":"Daniel","ip":"::1"}
[2025-04-15 23:39:07] [INFO] [::1] [Daniel] User role for redirection {"role":"comptable"}
[2025-04-15 23:39:07] [INFO] [::1] [Daniel] Connexion réussie {"username":"Daniel","ip":"::1"}
[2025-04-15 23:44:15] [INFO] [::1] [ciella] User role for redirection {"role":"admin"}
[2025-04-15 23:44:15] [INFO] [::1] [ciella] Connexion réussie {"username":"ciella","ip":"::1"}
