[2025-04-22 09:37:08] [INFO] [::1] [Divina] User role for redirection {"role":"director"}
[2025-04-22 09:37:08] [INFO] [::1] [Divina] Connexion réussie {"username":"Divina","ip":"::1"}
[2025-04-22 09:39:07] [INFO] [::1] [Divina] User role for redirection {"role":"director"}
[2025-04-22 09:39:07] [INFO] [::1] [Divina] Connexion réussie {"username":"Divina","ip":"::1"}
[2025-04-22 09:43:30] [INFO] [::1] [Divina] User role for redirection {"role":"director"}
[2025-04-22 09:43:30] [INFO] [::1] [Divina] Connexion réussie {"username":"Divina","ip":"::1"}
[2025-04-22 09:52:27] [INFO] [::1] [Divina] User role for redirection {"role":"director"}
[2025-04-22 09:52:27] [INFO] [::1] [Divina] Connexion réussie {"username":"Divina","ip":"::1"}
[2025-04-22 10:22:06] [INFO] [::1] [Divina] User role for redirection {"role":"director"}
[2025-04-22 10:22:06] [INFO] [::1] [Divina] Connexion réussie {"username":"Divina","ip":"::1"}
[2025-04-22 10:23:16] [INFO] [::1] [Divina] User role for redirection {"role":"director"}
[2025-04-22 10:23:16] [INFO] [::1] [Divina] Connexion réussie {"username":"Divina","ip":"::1"}
[2025-04-22 10:24:27] [INFO] [::1] [Divina] User role for redirection {"role":"director"}
[2025-04-22 10:24:27] [INFO] [::1] [Divina] Connexion réussie {"username":"Divina","ip":"::1"}
[2025-04-22 10:26:19] [INFO] [::1] [Divina] User role for redirection {"role":"director"}
[2025-04-22 10:26:20] [INFO] [::1] [Divina] Connexion réussie {"username":"Divina","ip":"::1"}
[2025-04-22 10:27:14] [INFO] [::1] [Divina] User role for redirection {"role":"director"}
[2025-04-22 10:27:14] [INFO] [::1] [Divina] Connexion réussie {"username":"Divina","ip":"::1"}
[2025-04-22 10:28:46] [INFO] [::1] [Divina] User role for redirection {"role":"director"}
[2025-04-22 10:28:46] [INFO] [::1] [Divina] Connexion réussie {"username":"Divina","ip":"::1"}
[2025-04-22 10:29:56] [INFO] [::1] [chris] User role for redirection {"role":"directrice"}
[2025-04-22 10:29:56] [INFO] [::1] [chris] Connexion réussie {"username":"chris","ip":"::1"}
[2025-04-22 10:59:46] [INFO] [::1] [rapha] User role for redirection {"role":"prefet"}
[2025-04-22 10:59:47] [INFO] [::1] [rapha] Connexion réussie {"username":"rapha","ip":"::1"}
[2025-04-22 14:01:23] [INFO] [::1] [Mine] User role for redirection {"role":"prefet"}
[2025-04-22 14:01:23] [INFO] [::1] [Mine] Connexion réussie {"username":"Mine","ip":"::1"}
[2025-04-22 14:03:34] [INFO] [::1] [dk] User role for redirection {"role":"director"}
[2025-04-22 14:03:34] [INFO] [::1] [dk] Connexion réussie {"username":"dk","ip":"::1"}
