<<<<<<< HEAD
[2025-04-12 00:30:48] [INFO] [::1] [chris] User role for redirection {"role":"directrice"}
[2025-04-12 00:30:48] [INFO] [::1] [chris] Connexion réussie {"username":"chris","ip":"::1"}
[2025-04-12 00:40:36] [WARNING] [::1] [Anonyme] Échec de connexion {"username":"Daniel","ip":"::1"}
[2025-04-12 00:40:47] [WARNING] [::1] [Anonyme] Échec de connexion {"username":"Plamedie","ip":"::1"}
[2025-04-12 00:40:55] [WARNING] [::1] [Anonyme] Échec de connexion {"username":"Daniel","ip":"::1"}
[2025-04-12 00:40:56] [INFO] [::1] [ciella] User role for redirection {"role":"admin"}
[2025-04-12 00:40:56] [INFO] [::1] [ciella] Connexion réussie {"username":"ciella","ip":"::1"}
[2025-04-12 01:16:16] [INFO] [::1] [ciella] User role for redirection {"role":"admin"}
[2025-04-12 01:16:16] [INFO] [::1] [ciella] Connexion réussie {"username":"ciella","ip":"::1"}
[2025-04-12 10:23:14] [INFO] [::1] [ciella] User role for redirection {"role":"admin"}
[2025-04-12 10:23:14] [INFO] [::1] [ciella] Connexion réussie {"username":"ciella","ip":"::1"}
[2025-04-12 11:39:24] [INFO] [::1] [Daniel] User role for redirection {"role":"comptable"}
[2025-04-12 11:39:24] [INFO] [::1] [Daniel] Connexion réussie {"username":"Daniel","ip":"::1"}
[2025-04-12 12:32:17] [INFO] [::1] [ciella] User role for redirection {"role":"admin"}
[2025-04-12 12:32:17] [INFO] [::1] [ciella] Connexion réussie {"username":"ciella","ip":"::1"}
=======
[2025-04-12 16:30:32] [INFO] [::1] [Ciella] User role for redirection {"role":"admin"}
[2025-04-12 16:30:32] [INFO] [::1] [Ciella] Connexion réussie {"username":"ciella","ip":"::1"}
[2025-04-12 16:34:20] [INFO] [::1] [Anonyme] Nouvel utilisateur enregistré {"username":"hermine","role":"prefet"}
[2025-04-12 16:34:29] [INFO] [::1] [hermine] User role for redirection {"role":"prefet"}
[2025-04-12 16:34:29] [INFO] [::1] [hermine] Connexion réussie {"username":"hermine","ip":"::1"}
[2025-04-12 16:34:29] [INFO] [::1] [hermine] User role for redirection {"role":"prefet"}
[2025-04-12 16:34:29] [INFO] [::1] [hermine] Connexion réussie {"username":"hermine","ip":"::1"}
[2025-04-12 19:56:42] [INFO] [::1] [hermine] User role for redirection {"role":"prefet"}
[2025-04-12 19:56:42] [INFO] [::1] [hermine] Connexion réussie {"username":"hermine","ip":"::1"}
>>>>>>> 3eb18a0aea7c531df99f3cbfa7f4450c00c12225
