[2025-04-17 00:47:26] [INFO] [::1] [Daniel] User role for redirection {"role":"comptable"}
[2025-04-17 00:47:26] [INFO] [::1] [Daniel] Connexion réussie {"username":"Daniel","ip":"::1"}
[2025-04-17 09:15:09] [INFO] [::1] [chris] User role for redirection {"role":"directrice"}
[2025-04-17 09:15:11] [INFO] [::1] [chris] Connexion réussie {"username":"chris","ip":"::1"}
[2025-04-17 09:16:36] [INFO] [::1] [Daniel] User role for redirection {"role":"comptable"}
[2025-04-17 09:16:36] [INFO] [::1] [Daniel] Connexion réussie {"username":"Daniel","ip":"::1"}
[2025-04-17 09:42:14] [INFO] [::1] [ciella] User role for redirection {"role":"admin"}
[2025-04-17 09:42:14] [INFO] [::1] [ciella] Connexion réussie {"username":"ciella","ip":"::1"}
[2025-04-17 09:44:26] [INFO] [::1] [chris] User role for redirection {"role":"directrice"}
[2025-04-17 09:44:26] [INFO] [::1] [chris] Connexion réussie {"username":"chris","ip":"::1"}
[2025-04-17 09:45:55] [INFO] [::1] [rapha] User role for redirection {"role":"prefet"}
[2025-04-17 09:45:55] [INFO] [::1] [rapha] Connexion réussie {"username":"rapha","ip":"::1"}
[2025-04-17 09:48:27] [INFO] [::1] [chris] User role for redirection {"role":"directrice"}
[2025-04-17 09:48:27] [INFO] [::1] [chris] Connexion réussie {"username":"chris","ip":"::1"}
[2025-04-17 11:56:22] [INFO] [::1] [chris] User role for redirection {"role":"directrice"}
[2025-04-17 11:56:22] [INFO] [::1] [chris] Connexion réussie {"username":"chris","ip":"::1"}
[2025-04-17 12:36:39] [INFO] [::1] [chris] User role for redirection {"role":"directrice"}
[2025-04-17 12:36:39] [INFO] [::1] [chris] Connexion réussie {"username":"chris","ip":"::1"}
[2025-04-17 12:58:44] [INFO] [::1] [chris] User role for redirection {"role":"directrice"}
[2025-04-17 12:58:44] [INFO] [::1] [chris] Connexion réussie {"username":"chris","ip":"::1"}
[2025-04-17 13:03:24] [INFO] [::1] [chris] User role for redirection {"role":"directrice"}
[2025-04-17 13:03:24] [INFO] [::1] [chris] Connexion réussie {"username":"chris","ip":"::1"}
[2025-04-17 13:14:40] [INFO] [::1] [chris] User role for redirection {"role":"directrice"}
[2025-04-17 13:14:40] [INFO] [::1] [chris] Connexion réussie {"username":"chris","ip":"::1"}
[2025-04-17 13:18:27] [INFO] [::1] [chris] User role for redirection {"role":"directrice"}
[2025-04-17 13:18:27] [INFO] [::1] [chris] Connexion réussie {"username":"chris","ip":"::1"}
[2025-04-17 13:31:30] [INFO] [::1] [ciella] User role for redirection {"role":"admin"}
[2025-04-17 13:31:30] [INFO] [::1] [ciella] Connexion réussie {"username":"ciella","ip":"::1"}
[2025-04-17 13:32:06] [INFO] [::1] [Daniel] User role for redirection {"role":"comptable"}
[2025-04-17 13:32:06] [INFO] [::1] [Daniel] Connexion réussie {"username":"Daniel","ip":"::1"}
[2025-04-17 14:06:40] [INFO] [::1] [rapha] User role for redirection {"role":"prefet"}
[2025-04-17 14:06:40] [INFO] [::1] [rapha] Connexion réussie {"username":"rapha","ip":"::1"}
[2025-04-17 14:13:50] [INFO] [::1] [chris] User role for redirection {"role":"directrice"}
[2025-04-17 14:13:51] [INFO] [::1] [chris] Connexion réussie {"username":"chris","ip":"::1"}
[2025-04-17 14:17:03] [INFO] [::1] [chris] User role for redirection {"role":"directrice"}
[2025-04-17 14:17:03] [INFO] [::1] [chris] Connexion réussie {"username":"chris","ip":"::1"}
[2025-04-17 14:28:42] [INFO] [::1] [ciella] User role for redirection {"role":"admin"}
[2025-04-17 14:28:43] [INFO] [::1] [ciella] Connexion réussie {"username":"ciella","ip":"::1"}
[2025-04-17 14:35:28] [INFO] [::1] [Daniel] User role for redirection {"role":"comptable"}
[2025-04-17 14:35:28] [INFO] [::1] [Daniel] Connexion réussie {"username":"Daniel","ip":"::1"}
[2025-04-17 15:00:04] [INFO] [::1] [ciella] User role for redirection {"role":"admin"}
[2025-04-17 15:00:04] [INFO] [::1] [ciella] Connexion réussie {"username":"ciella","ip":"::1"}
