<<<<<<< HEAD
[2025-04-26 09:39:42] [INFO] [::1] [Daniel] User role for redirection {"role":"comptable"}
[2025-04-26 09:39:42] [INFO] [::1] [Daniel] Connexion réussie {"username":"Daniel","ip":"::1"}
[2025-04-26 11:42:05] [INFO] [::1] [Daniel] User role for redirection {"role":"comptable"}
[2025-04-26 11:42:05] [INFO] [::1] [Daniel] Connexion réussie {"username":"Daniel","ip":"::1"}
[2025-04-26 11:45:04] [INFO] [::1] [Daniel] User role for redirection {"role":"comptable"}
[2025-04-26 11:45:04] [INFO] [::1] [Daniel] Connexion réussie {"username":"Daniel","ip":"::1"}
[2025-04-26 12:16:27] [INFO] [::1] [Daniel] User role for redirection {"role":"comptable"}
[2025-04-26 12:16:27] [INFO] [::1] [Daniel] Connexion réussie {"username":"Daniel","ip":"::1"}
[2025-04-26 12:17:18] [INFO] [::1] [Daniel] User role for redirection {"role":"comptable"}
[2025-04-26 12:17:18] [INFO] [::1] [Daniel] Connexion réussie {"username":"Daniel","ip":"::1"}
[2025-04-26 12:17:45] [INFO] [::1] [Daniel] User role for redirection {"role":"comptable"}
[2025-04-26 12:17:45] [INFO] [::1] [Daniel] Connexion réussie {"username":"Daniel","ip":"::1"}
[2025-04-26 12:20:46] [INFO] [::1] [Daniel] User role for redirection {"role":"comptable"}
[2025-04-26 12:20:46] [INFO] [::1] [Daniel] Connexion réussie {"username":"Daniel","ip":"::1"}
[2025-04-26 12:25:47] [INFO] [::1] [Daniel] User role for redirection {"role":"comptable"}
[2025-04-26 12:25:47] [INFO] [::1] [Daniel] Connexion réussie {"username":"Daniel","ip":"::1"}
[2025-04-26 12:26:39] [INFO] [::1] [Daniel] User role for redirection {"role":"comptable"}
[2025-04-26 12:26:39] [INFO] [::1] [Daniel] Connexion réussie {"username":"Daniel","ip":"::1"}
[2025-04-26 12:28:35] [INFO] [::1] [Daniel] User role for redirection {"role":"comptable"}
[2025-04-26 12:28:35] [INFO] [::1] [Daniel] Connexion réussie {"username":"Daniel","ip":"::1"}
[2025-04-26 12:29:21] [INFO] [::1] [Daniel] User role for redirection {"role":"comptable"}
[2025-04-26 12:29:21] [INFO] [::1] [Daniel] Connexion réussie {"username":"Daniel","ip":"::1"}
[2025-04-26 12:32:14] [INFO] [::1] [Daniel] User role for redirection {"role":"comptable"}
[2025-04-26 12:32:14] [INFO] [::1] [Daniel] Connexion réussie {"username":"Daniel","ip":"::1"}
[2025-04-26 13:05:15] [INFO] [::1] [Daniel] User role for redirection {"role":"comptable"}
[2025-04-26 13:05:15] [INFO] [::1] [Daniel] Connexion réussie {"username":"Daniel","ip":"::1"}
[2025-04-26 14:32:46] [INFO] [::1] [Daniel] User role for redirection {"role":"comptable"}
[2025-04-26 14:32:46] [INFO] [::1] [Daniel] Connexion réussie {"username":"Daniel","ip":"::1"}
[2025-04-26 14:45:24] [INFO] [::1] [Daniel] User role for redirection {"role":"comptable"}
[2025-04-26 14:45:25] [INFO] [::1] [Daniel] Connexion réussie {"username":"Daniel","ip":"::1"}
[2025-04-26 14:45:46] [INFO] [::1] [rapha] User role for redirection {"role":"prefet"}
[2025-04-26 14:45:46] [INFO] [::1] [rapha] Connexion réussie {"username":"rapha","ip":"::1"}
[2025-04-26 17:50:55] [INFO] [::1] [rapha] User role for redirection {"role":"prefet"}
[2025-04-26 17:50:55] [INFO] [::1] [rapha] Connexion réussie {"username":"rapha","ip":"::1"}
[2025-04-26 17:54:11] [INFO] [::1] [Daniel] User role for redirection {"role":"comptable"}
[2025-04-26 17:54:11] [INFO] [::1] [Daniel] Connexion réussie {"username":"Daniel","ip":"::1"}
=======
[2025-04-26 11:08:59] [INFO] [::1] [Mine] User role for redirection {"role":"prefet"}
[2025-04-26 11:08:59] [INFO] [::1] [Mine] Connexion réussie {"username":"Mine","ip":"::1"}
[2025-04-26 11:14:21] [INFO] [::1] [hermine] User role for redirection {"role":"admin"}
[2025-04-26 11:14:21] [INFO] [::1] [hermine] Connexion réussie {"username":"hermine","ip":"::1"}
[2025-04-26 11:15:18] [WARNING] [::1] [Anonyme] Échec de connexion {"username":"dk","ip":"::1"}
[2025-04-26 11:15:23] [INFO] [::1] [dk] User role for redirection {"role":"director"}
[2025-04-26 11:15:23] [INFO] [::1] [dk] Connexion réussie {"username":"dk","ip":"::1"}
[2025-04-26 11:16:44] [INFO] [::1] [eclair] User role for redirection {"role":"comptable"}
[2025-04-26 11:16:44] [INFO] [::1] [eclair] Connexion réussie {"username":"eclair","ip":"::1"}
[2025-04-26 11:18:34] [WARNING] [::1] [Anonyme] Échec de connexion {"username":"ciella","ip":"::1"}
[2025-04-26 11:18:39] [WARNING] [::1] [Anonyme] Échec de connexion {"username":"ciella","ip":"::1"}
[2025-04-26 11:19:15] [INFO] [::1] [Anonyme] Nouvel utilisateur enregistré {"username":"exou","role":"directrice"}
[2025-04-26 11:19:22] [INFO] [::1] [exou] User role for redirection {"role":"directrice"}
[2025-04-26 11:19:22] [INFO] [::1] [exou] Connexion réussie {"username":"exou","ip":"::1"}
[2025-04-26 11:20:30] [INFO] [::1] [Mine] User role for redirection {"role":"prefet"}
[2025-04-26 11:20:30] [INFO] [::1] [Mine] Connexion réussie {"username":"Mine","ip":"::1"}
>>>>>>> e50260dfde188d55ca5c10d5f3a5a66503eeb998
