<<<<<<< HEAD
[2025-04-25 09:12:01] [INFO] [::1] [Divina] User role for redirection {"role":"director"}
[2025-04-25 09:12:01] [INFO] [::1] [Divina] Connexion réussie {"username":"Divina","ip":"::1"}
[2025-04-25 09:54:23] [INFO] [::1] [chris] User role for redirection {"role":"directrice"}
[2025-04-25 09:54:23] [INFO] [::1] [chris] Connexion réussie {"username":"chris","ip":"::1"}
[2025-04-25 09:58:10] [INFO] [::1] [rapha] User role for redirection {"role":"prefet"}
[2025-04-25 09:58:10] [INFO] [::1] [rapha] Connexion réussie {"username":"rapha","ip":"::1"}
[2025-04-25 10:23:26] [INFO] [::1] [Daniel] User role for redirection {"role":"comptable"}
[2025-04-25 10:23:26] [INFO] [::1] [Daniel] Connexion réussie {"username":"Daniel","ip":"::1"}
[2025-04-25 10:24:32] [INFO] [::1] [chris] User role for redirection {"role":"directrice"}
[2025-04-25 10:24:32] [INFO] [::1] [chris] Connexion réussie {"username":"chris","ip":"::1"}
[2025-04-25 10:47:25] [INFO] [::1] [Divina] User role for redirection {"role":"director"}
[2025-04-25 10:47:25] [INFO] [::1] [Divina] Connexion réussie {"username":"Divina","ip":"::1"}
[2025-04-25 15:10:43] [INFO] [::1] [Daniel] User role for redirection {"role":"comptable"}
[2025-04-25 15:10:43] [INFO] [::1] [Daniel] Connexion réussie {"username":"Daniel","ip":"::1"}
[2025-04-25 16:08:39] [INFO] [::1] [Daniel] User role for redirection {"role":"comptable"}
[2025-04-25 16:08:39] [INFO] [::1] [Daniel] Connexion réussie {"username":"Daniel","ip":"::1"}
[2025-04-25 18:04:39] [INFO] [::1] [chris] User role for redirection {"role":"directrice"}
[2025-04-25 18:04:40] [INFO] [::1] [chris] Connexion réussie {"username":"chris","ip":"::1"}
[2025-04-25 18:04:56] [INFO] [::1] [rapha] User role for redirection {"role":"prefet"}
[2025-04-25 18:04:56] [INFO] [::1] [rapha] Connexion réussie {"username":"rapha","ip":"::1"}
[2025-04-25 20:32:52] [INFO] [::1] [rapha] User role for redirection {"role":"prefet"}
[2025-04-25 20:32:52] [INFO] [::1] [rapha] Connexion réussie {"username":"rapha","ip":"::1"}
[2025-04-25 20:38:50] [INFO] [::1] [Divina] User role for redirection {"role":"director"}
[2025-04-25 20:38:50] [INFO] [::1] [Divina] Connexion réussie {"username":"Divina","ip":"::1"}
[2025-04-25 20:40:18] [INFO] [::1] [chris] User role for redirection {"role":"directrice"}
[2025-04-25 20:40:18] [INFO] [::1] [chris] Connexion réussie {"username":"chris","ip":"::1"}
[2025-04-25 20:41:16] [INFO] [::1] [rapha] User role for redirection {"role":"prefet"}
[2025-04-25 20:41:16] [INFO] [::1] [rapha] Connexion réussie {"username":"rapha","ip":"::1"}
[2025-04-25 20:54:41] [INFO] [::1] [Divina] User role for redirection {"role":"director"}
[2025-04-25 20:54:41] [INFO] [::1] [Divina] Connexion réussie {"username":"Divina","ip":"::1"}
[2025-04-25 20:55:16] [INFO] [::1] [chris] User role for redirection {"role":"directrice"}
[2025-04-25 20:55:16] [INFO] [::1] [chris] Connexion réussie {"username":"chris","ip":"::1"}
=======
[2025-04-25 12:03:42] [INFO] [::1] [hermine] User role for redirection {"role":"admin"}
[2025-04-25 12:03:42] [INFO] [::1] [hermine] Connexion réussie {"username":"hermine","ip":"::1"}
[2025-04-25 12:05:07] [INFO] [::1] [Mine] User role for redirection {"role":"prefet"}
[2025-04-25 12:05:07] [INFO] [::1] [Mine] Connexion réussie {"username":"Mine","ip":"::1"}
[2025-04-25 12:05:39] [INFO] [::1] [eclair] User role for redirection {"role":"comptable"}
[2025-04-25 12:05:39] [INFO] [::1] [eclair] Connexion réussie {"username":"eclair","ip":"::1"}
[2025-04-25 12:06:09] [INFO] [::1] [Mine] User role for redirection {"role":"prefet"}
[2025-04-25 12:06:09] [INFO] [::1] [Mine] Connexion réussie {"username":"Mine","ip":"::1"}
[2025-04-25 12:06:38] [INFO] [::1] [hermine] User role for redirection {"role":"admin"}
[2025-04-25 12:06:38] [INFO] [::1] [hermine] Connexion réussie {"username":"hermine","ip":"::1"}
[2025-04-25 12:26:17] [INFO] [::1] [Mine] User role for redirection {"role":"prefet"}
[2025-04-25 12:26:17] [INFO] [::1] [Mine] Connexion réussie {"username":"Mine","ip":"::1"}
[2025-04-25 12:47:29] [WARNING] [::1] [Anonyme] Échec de connexion {"username":"hermine","ip":"::1"}
[2025-04-25 12:47:35] [INFO] [::1] [Mine] User role for redirection {"role":"prefet"}
[2025-04-25 12:47:35] [INFO] [::1] [Mine] Connexion réussie {"username":"Mine","ip":"::1"}
[2025-04-25 14:48:34] [INFO] [::1] [hermine] User role for redirection {"role":"admin"}
[2025-04-25 14:48:34] [INFO] [::1] [hermine] Connexion réussie {"username":"hermine","ip":"::1"}
[2025-04-25 15:27:49] [WARNING] [::1] [Anonyme] Échec de connexion {"username":"Mine","ip":"::1"}
[2025-04-25 15:27:55] [WARNING] [::1] [Anonyme] Échec de connexion {"username":"Mine","ip":"::1"}
[2025-04-25 15:28:02] [INFO] [::1] [Mine] User role for redirection {"role":"prefet"}
[2025-04-25 15:28:02] [INFO] [::1] [Mine] Connexion réussie {"username":"Mine","ip":"::1"}
>>>>>>> e50260dfde188d55ca5c10d5f3a5a66503eeb998
