[2025-04-06 12:50:03] [INFO] [::1] [Ciella] User role for redirection {"role":"admin"}
[2025-04-06 12:50:03] [INFO] [::1] [Ciella] Connexion réussie {"username":"Ciella","ip":"::1"}
[2025-04-06 12:59:55] [INFO] [::1] [Exou] User role for redirection {"role":"comptable"}
[2025-04-06 12:59:55] [INFO] [::1] [Exou] Connexion réussie {"username":"Exou","ip":"::1"}
[2025-04-06 13:00:36] [WARNING] [::1] [Anonyme] Échec de connexion {"username":"Daniel","ip":"::1"}
[2025-04-06 13:00:53] [INFO] [::1] [Daniel] User role for redirection {"role":"comptable"}
[2025-04-06 13:00:53] [INFO] [::1] [Daniel] Connexion réussie {"username":"Daniel","ip":"::1"}
[2025-04-06 14:19:12] [INFO] [::1] [Daniel] User role for redirection {"role":"comptable"}
[2025-04-06 14:19:12] [INFO] [::1] [Daniel] Connexion réussie {"username":"Daniel","ip":"::1"}
[2025-04-06 15:13:59] [INFO] [::1] [Daniel] User role for redirection {"role":"comptable"}
[2025-04-06 15:14:00] [INFO] [::1] [Daniel] Connexion réussie {"username":"Daniel","ip":"::1"}
[2025-04-06 15:55:58] [INFO] [::1] [Ciella] User role for redirection {"role":"admin"}
[2025-04-06 15:55:58] [INFO] [::1] [Ciella] Connexion réussie {"username":"Ciella","ip":"::1"}
<<<<<<< HEAD
[2025-04-06 16:58:47] [INFO] [::1] [Plamedie] User role for redirection {"role":"directrice"}
[2025-04-06 16:58:47] [INFO] [::1] [Plamedie] Connexion réussie {"username":"Plamedie","ip":"::1"}
[2025-04-06 17:18:21] [INFO] [::1] [Plamedie] User role for redirection {"role":"directrice"}
[2025-04-06 17:18:21] [INFO] [::1] [Plamedie] Connexion réussie {"username":"Plamedie","ip":"::1"}
[2025-04-06 17:20:56] [INFO] [::1] [Anonyme] Nouvel utilisateur enregistré {"username":"chris","role":"directrice"}
[2025-04-06 17:21:22] [INFO] [::1] [chris] User role for redirection {"role":"directrice"}
[2025-04-06 17:21:22] [INFO] [::1] [chris] Connexion réussie {"username":"chris","ip":"::1"}
[2025-04-06 17:34:29] [INFO] [::1] [chris] User role for redirection {"role":"directrice"}
[2025-04-06 17:34:29] [INFO] [::1] [chris] Connexion réussie {"username":"chris","ip":"::1"}
[2025-04-06 20:47:05] [INFO] [::1] [Plamedie] User role for redirection {"role":"directrice"}
[2025-04-06 20:47:05] [INFO] [::1] [Plamedie] Connexion réussie {"username":"Plamedie","ip":"::1"}
[2025-04-06 20:48:40] [INFO] [::1] [Daniel] User role for redirection {"role":"comptable"}
[2025-04-06 20:48:40] [INFO] [::1] [Daniel] Connexion réussie {"username":"Daniel","ip":"::1"}
[2025-04-06 21:00:07] [INFO] [::1] [chris] User role for redirection {"role":"directrice"}
[2025-04-06 21:00:07] [INFO] [::1] [chris] Connexion réussie {"username":"chris","ip":"::1"}
=======
[2025-04-06 16:45:27] [INFO] [::1] [Ciella] User role for redirection {"role":"admin"}
[2025-04-06 16:45:27] [INFO] [::1] [Ciella] Connexion réussie {"username":"ciella","ip":"::1"}
[2025-04-06 16:57:17] [INFO] [::1] [Anonyme] Nouvel utilisateur enregistré {"username":"hermine","role":"prefet"}
[2025-04-06 16:57:23] [INFO] [::1] [hermine] User role for redirection {"role":"prefet"}
[2025-04-06 16:57:24] [INFO] [::1] [hermine] Connexion réussie {"username":"hermine","ip":"::1"}
>>>>>>> 86ee3c71dcd99e65f8da6688b66cc328a9968bd0
